<?xml version="1.0" encoding="UTF-8"?>
<testsuite name="testBST" tests="1" skipped="0" failures="0" errors="0" timestamp="2020-10-19T07:55:55" hostname="DESKTOP-7FT5EBS" time="0.01">
  <properties/>
  <testcase name="givenNodes_shouldReturnBST" classname="testBST" time="0.01"/>
  <system-out><![CDATA[]]></system-out>
  <system-err><![CDATA[]]></system-err>
</testsuite>
